#
# A fatal error has been detected by the Java Runtime Environment:
#
#  SIGSEGV (0xb) at pc=0x0000000106e22d8c, pid=1229, tid=16899
#
# JRE version: Java(TM) SE Runtime Environment (8.0_20-b26) (build 1.8.0_20-b26)
# Java VM: Java HotSpot(TM) 64-Bit Server VM (25.20-b23 mixed mode bsd-amd64 compressed oops)
# Problematic frame:
# V  [libjvm.dylib+0x422d8c]  Method::checked_resolve_jmethod_id(_jmethodID*)+0xe
#
# Failed to write core dump. Core dumps have been disabled. To enable core dumping, try "ulimit -c unlimited" before starting Java again
#
# If you would like to submit a bug report, please visit:
#   http://bugreport.sun.com/bugreport/crash.jsp
#

---------------  T H R E A D  ---------------

Current thread (0x00007febaa817000):  JavaThread "JDWP Transport Listener: dt_socket" daemon [_thread_in_vm, id=16899, stack(0x0000700000b3b000,0x0000700000c3b000)]

siginfo: si_signo: 11 (SIGSEGV), si_code: 0 (unknown), si_addr: 0x0000000000000000

Registers:
RAX=0x0000000000000001, RBX=0x0000700000c3aa8b, RCX=0x00000001071d5c80, RDX=0x0000700000c3aa8b
RSP=0x0000700000c3a9d0, RBP=0x0000700000c3a9e0, RSI=0x00007febaa817000, RDI=0x6f432f746e650004
R8 =0x0000000000000000, R9 =0x00007feba9733640, R10=0x0000000084f9b859, R11=0x00007feba9700000
R12=0x00007febaa817000, R13=0x6f432f746e650004, R14=0x6f432f746e650004, R15=0x00007feba9710810
RIP=0x0000000106e22d8c, EFLAGS=0x0000000000010202, ERR=0x0000000000000000
  TRAPNO=0x000000000000000d

Top of Stack: (sp=0x0000700000c3a9d0)
0x0000700000c3a9d0:   0000700000c3aa8b 0000700000c3aa8b
0x0000700000c3a9e0:   0000700000c3aa40 0000000106d34ec2
0x0000700000c3a9f0:   00007febaa817000 0000000000000000
0x0000700000c3aa00:   0000000000000000 0000000000000000
0x0000700000c3aa10:   00007febaa817000 00007febaa817000
0x0000700000c3aa20:   0000700000c3aa8b 0000700000c3aa90
0x0000700000c3aa30:   6f432f746e650004 0000000000000002
0x0000700000c3aa40:   0000700000c3aa60 000000010606c7dc
0x0000700000c3aa50:   0000000000000001 0000700000c3ab08
0x0000700000c3aa60:   0000700000c3aad0 0000000106051263
0x0000700000c3aa70:   0000700000c3aaa0 00007feba97796b0
0x0000700000c3aa80:   0000000300000032 0000000100c3ab08
0x0000700000c3aa90:   0000000000000000 0000000000000000
0x0000700000c3aaa0:   0000000000000000 0000700000c3ac90
0x0000700000c3aab0:   0000000106073eca 00007febaba23d70
0x0000700000c3aac0:   0000700000c3ab08 000000010607f588
0x0000700000c3aad0:   0000700000c3aae0 000000010605135c
0x0000700000c3aae0:   0000700000c3ad00 000000010605a8f6
0x0000700000c3aaf0:   0000104e00000013 00000000000f0200
0x0000700000c3ab00:   00007febabab2230 0000700000c3abdb
0x0000700000c3ab10:   00007feb000000a9 0000700000c3ab20
0x0000700000c3ab20:   0000000000000083 0000700000c3ab58
0x0000700000c3ab30:   0000000000000000 0000000000000000
0x0000700000c3ab40:   0000104e0000001c 00007fff0000ac80
0x0000700000c3ab50:   0000700000c3ab58 eb7f000003000000
0x0000700000c3ab60:   07000000983bb9ab 0073657479426f74
0x0000700000c3ab70:   76616a4c28220000 76697463612f7861
0x0000700000c3ab80:   61442f6e6f697461 656c646e61486174
0x0000700000c3ab90:   000000425b293b72 7f00000a00000000
0x0000700000c3aba0:   000000f84666a9eb 0000746e69727005
0x0000700000c3abb0:   6176616a4c282100 6176697463612f78
0x0000700000c3abc0:   7461442f6e6f6974 72656c646e614861 

Instructions: (pc=0x0000000106e22d8c)
0x0000000106e22d6c:   40 48 48 85 c0 75 e0 30 c0 0f b6 c0 5d c3 31 c0
0x0000000106e22d7c:   5d c3 55 48 89 e5 53 48 83 ec 08 48 85 ff 74 24
0x0000000106e22d8c:   48 8b 1f 48 85 db 74 1c 48 83 fb 37 74 16 48 8b
0x0000000106e22d9c:   03 48 89 df ff 50 10 84 c0 b8 00 00 00 00 48 0f 

Register to memory mapping:

RAX=0x0000000000000001 is an unknown value
RBX=0x0000700000c3aa8b is pointing into the stack for thread: 0x00007febaa817000
RCX=0x00000001071d5c80: UseMembar+0 in /Library/Java/JavaVirtualMachines/jdk1.8.0_20.jdk/Contents/Home/jre/lib/server/libjvm.dylib at 0x0000000106a00000
RDX=0x0000700000c3aa8b is pointing into the stack for thread: 0x00007febaa817000
RSP=0x0000700000c3a9d0 is pointing into the stack for thread: 0x00007febaa817000
RBP=0x0000700000c3a9e0 is pointing into the stack for thread: 0x00007febaa817000
RSI=0x00007febaa817000 is a thread
RDI=0x6f432f746e650004 is an unknown value
R8 =0x0000000000000000 is an unknown value
R9 =0x00007feba9733640 is an unknown value
R10=0x0000000084f9b859 is an unknown value
R11=0x00007feba9700000 is an unknown value
R12=0x00007febaa817000 is a thread
R13=0x6f432f746e650004 is an unknown value
R14=0x6f432f746e650004 is an unknown value
R15=0x00007feba9710810 is an unknown value


Stack: [0x0000700000b3b000,0x0000700000c3b000],  sp=0x0000700000c3a9d0,  free space=1022k
Native frames: (J=compiled Java code, j=interpreted, Vv=VM code, C=native code)
V  [libjvm.dylib+0x422d8c]  Method::checked_resolve_jmethod_id(_jmethodID*)+0xe
V  [libjvm.dylib+0x334ec2]  jvmti_IsMethodSynthetic+0xb2
C  [libjdwp.dylib+0x207dc]  isMethodSynthetic+0x63
C  [libjdwp.dylib+0x5263]  methods1+0x10b
C  [libjdwp.dylib+0x535c]  methodsWithGeneric+0xe
C  [libjdwp.dylib+0xe8f6]  debugLoop_run+0x1ce
C  [libjdwp.dylib+0x1f716]  attachThread+0x4d
V  [libjvm.dylib+0x375f22]  JvmtiAgentThread::call_start_function()+0x38
V  [libjvm.dylib+0x535a51]  JavaThread::thread_main_inner()+0x9b
V  [libjvm.dylib+0x537194]  JavaThread::run()+0x1c2
V  [libjvm.dylib+0x45d35a]  java_start(Thread*)+0xf6
C  [libsystem_pthread.dylib+0x399d]  _pthread_body+0x83
C  [libsystem_pthread.dylib+0x391a]  _pthread_body+0x0
C  [libsystem_pthread.dylib+0x1351]  thread_start+0xd
C  0x0000000000000000


---------------  P R O C E S S  ---------------

Java Threads: ( => current thread )
  0x00007febad16e000 JavaThread "http-nio-8080-exec-3" daemon [_thread_blocked, id=21767, stack(0x0000700001456000,0x0000700001556000)]
  0x00007febad167000 JavaThread "http-nio-8080-exec-2" daemon [_thread_blocked, id=21511, stack(0x0000700001353000,0x0000700001453000)]
  0x00007febae1f5000 JavaThread "http-nio-8080-exec-1" daemon [_thread_blocked, id=25091, stack(0x0000700001c6e000,0x0000700001d6e000)]
  0x00007febae1bb800 JavaThread "DestroyJavaVM" [_thread_blocked, id=5891, stack(0x000070000011a000,0x000070000021a000)]
  0x00007febac245800 JavaThread "http-nio-8080-Acceptor-0" daemon [_thread_in_native, id=24579, stack(0x0000700001b6b000,0x0000700001c6b000)]
  0x00007febadbfc000 JavaThread "http-nio-8080-ClientPoller-1" daemon [_thread_in_native, id=24067, stack(0x0000700001a68000,0x0000700001b68000)]
  0x00007feba9bde000 JavaThread "http-nio-8080-ClientPoller-0" daemon [_thread_in_native, id=23555, stack(0x0000700001965000,0x0000700001a65000)]
  0x00007febad0d1000 JavaThread "NioBlockingSelector.BlockPoller-1" daemon [_thread_in_native, id=13319, stack(0x0000700001862000,0x0000700001962000)]
  0x00007febae14a800 JavaThread "Camel (camel-1) thread #0 - timer://foo" daemon [_thread_blocked, id=4871, stack(0x0000700000932000,0x0000700000a32000)]
  0x00007febaad1b000 JavaThread "container-0" [_thread_blocked, id=23043, stack(0x000070000175f000,0x000070000185f000)]
  0x00007febab723000 JavaThread "ContainerBackgroundProcessor[StandardEngine[Tomcat].StandardHost[localhost].StandardContext[]]" daemon [_thread_blocked, id=22531, stack(0x000070000165c000,0x000070000175c000)]
  0x00007febac18b800 JavaThread "GC Daemon" daemon [_thread_blocked, id=22019, stack(0x0000700001559000,0x0000700001659000)]
  0x00007febaa84a800 JavaThread "Service Thread" daemon [_thread_blocked, id=19971, stack(0x000070000114d000,0x000070000124d000)]
  0x00007febab04c800 JavaThread "C1 CompilerThread2" daemon [_thread_blocked, id=19459, stack(0x000070000104a000,0x000070000114a000)]
  0x00007febab04b000 JavaThread "C2 CompilerThread1" daemon [_thread_blocked, id=18947, stack(0x0000700000f47000,0x0000700001047000)]
  0x00007febaa827000 JavaThread "C2 CompilerThread0" daemon [_thread_blocked, id=18435, stack(0x0000700000e44000,0x0000700000f44000)]
  0x00007febab04a000 JavaThread "JDWP Command Reader" daemon [_thread_in_native, id=17923, stack(0x0000700000d41000,0x0000700000e41000)]
  0x00007febaa03e000 JavaThread "JDWP Event Helper Thread" daemon [_thread_blocked, id=17411, stack(0x0000700000c3e000,0x0000700000d3e000)]
=>0x00007febaa817000 JavaThread "JDWP Transport Listener: dt_socket" daemon [_thread_in_vm, id=16899, stack(0x0000700000b3b000,0x0000700000c3b000)]
  0x00007febaa021000 JavaThread "Signal Dispatcher" daemon [_thread_blocked, id=13839, stack(0x0000700000a38000,0x0000700000b38000)]
  0x00007feba9818800 JavaThread "Finalizer" daemon [_thread_blocked, id=12291, stack(0x000070000082f000,0x000070000092f000)]
  0x00007feba9818000 JavaThread "Reference Handler" daemon [_thread_blocked, id=11779, stack(0x000070000072c000,0x000070000082c000)]

Other Threads:
  0x00007febaa01b800 VMThread [stack: 0x0000700000629000,0x0000700000729000] [id=11267]
  0x00007febaa81d000 WatcherThread [stack: 0x0000700001250000,0x0000700001350000] [id=20483]

VM state:not at safepoint (normal execution)

VM Mutex/Monitor currently owned by a thread: None

Heap:
 PSYoungGen      total 227840K, used 198151K [0x0000000795580000, 0x00000007a4380000, 0x00000007c0000000)
  eden space 215040K, 92% used [0x0000000795580000,0x00000007a1701f30,0x00000007a2780000)
  from space 12800K, 0% used [0x00000007a3700000,0x00000007a3700000,0x00000007a4380000)
  to   space 14336K, 0% used [0x00000007a2780000,0x00000007a2780000,0x00000007a3580000)
 ParOldGen       total 94720K, used 20538K [0x0000000740000000, 0x0000000745c80000, 0x0000000795580000)
  object space 94720K, 21% used [0x0000000740000000,0x000000074140e9a0,0x0000000745c80000)
 Metaspace       used 46927K, capacity 47454K, committed 47656K, reserved 1091584K
  class space    used 5979K, capacity 6079K, committed 6184K, reserved 1048576K

Card table byte_map: [0x0000000116cdb000,0x00000001170dc000] byte_map_base: 0x00000001132db000

Marking Bits: (ParMarkBitMap*) 0x000000010729c330
 Begin Bits: [0x0000000117387000, 0x0000000119387000)
 End Bits:   [0x0000000119387000, 0x000000011b387000)

Polling page: 0x000000010604b000

CodeCache: size=245760Kb used=14257Kb max_used=14926Kb free=231502Kb
 bounds [0x000000010791b000, 0x00000001087cb000, 0x000000011691b000]
 total_blobs=4186 nmethods=3766 adapters=341
 compilation: enabled

Compilation events (10 events):
Event: 699.180 Thread 0x00007febab04c800 4493       3       java.text.DateFormat::format (19 bytes)
Event: 699.181 Thread 0x00007febab04c800 nmethod 4493 0x0000000108378d10 code [0x0000000108378ec0, 0x00000001083793b8]
Event: 699.181 Thread 0x00007febab04c800 4494       3       java.text.SimpleDateFormat::format (21 bytes)
Event: 699.181 Thread 0x00007febab04c800 nmethod 4494 0x0000000108378810 code [0x0000000108378980, 0x0000000108378bf8]
Event: 709.177 Thread 0x00007febab04c800 4495       3       java.text.DecimalFormat::subformat (1238 bytes)
Event: 709.190 Thread 0x00007febab04c800 nmethod 4495 0x000000010841e750 code [0x000000010841f0c0, 0x0000000108429cd8]
Event: 709.190 Thread 0x00007febab04c800 4496       3       java.text.DigitList::isZero (31 bytes)
Event: 709.191 Thread 0x00007febab04c800 nmethod 4496 0x00000001083782d0 code [0x0000000108378440, 0x00000001083786b0]
Event: 709.191 Thread 0x00007febab04c800 4497       3       java.text.DecimalFormat::format (24 bytes)
Event: 709.191 Thread 0x00007febab04c800 nmethod 4497 0x000000010832dd50 code [0x000000010832dee0, 0x000000010832e318]

GC Heap History (10 events):
Event: 3.614 GC heap before
{Heap before GC invocations=6 (full 0):
 PSYoungGen      total 71680K, used 15081K [0x0000000795580000, 0x000000079ed80000, 0x00000007c0000000)
  eden space 66560K, 15% used [0x0000000795580000,0x0000000795f41768,0x0000000799680000)
  from space 5120K, 99% used [0x0000000799680000,0x0000000799b78ee0,0x0000000799b80000)
  to   space 11264K, 0% used [0x000000079e280000,0x000000079e280000,0x000000079ed80000)
 ParOldGen       total 87552K, used 15695K [0x0000000740000000, 0x0000000745580000, 0x0000000795580000)
  object space 87552K, 17% used [0x0000000740000000,0x0000000740f53e98,0x0000000745580000)
 Metaspace       used 20942K, capacity 21092K, committed 21296K, reserved 1069056K
  class space    used 2572K, capacity 2617K, committed 2688K, reserved 1048576K
Event: 3.625 GC heap after
Heap after GC invocations=6 (full 0):
 PSYoungGen      total 143872K, used 5539K [0x0000000795580000, 0x000000079ee80000, 0x00000007c0000000)
  eden space 132608K, 0% used [0x0000000795580000,0x0000000795580000,0x000000079d700000)
  from space 11264K, 49% used [0x000000079e280000,0x000000079e7e8ec0,0x000000079ed80000)
  to   space 11776K, 0% used [0x000000079d700000,0x000000079d700000,0x000000079e280000)
 ParOldGen       total 87552K, used 15703K [0x0000000740000000, 0x0000000745580000, 0x0000000795580000)
  object space 87552K, 17% used [0x0000000740000000,0x0000000740f55e98,0x0000000745580000)
 Metaspace       used 20942K, capacity 21092K, committed 21296K, reserved 1069056K
  class space    used 2572K, capacity 2617K, committed 2688K, reserved 1048576K
}
Event: 3.625 GC heap before
{Heap before GC invocations=7 (full 1):
 PSYoungGen      total 143872K, used 5539K [0x0000000795580000, 0x000000079ee80000, 0x00000007c0000000)
  eden space 132608K, 0% used [0x0000000795580000,0x0000000795580000,0x000000079d700000)
  from space 11264K, 49% used [0x000000079e280000,0x000000079e7e8ec0,0x000000079ed80000)
  to   space 11776K, 0% used [0x000000079d700000,0x000000079d700000,0x000000079e280000)
 ParOldGen       total 87552K, used 15703K [0x0000000740000000, 0x0000000745580000, 0x0000000795580000)
  object space 87552K, 17% used [0x0000000740000000,0x0000000740f55e98,0x0000000745580000)
 Metaspace       used 20942K, capacity 21092K, committed 21296K, reserved 1069056K
  class space    used 2572K, capacity 2617K, committed 2688K, reserved 1048576K
Event: 3.674 GC heap after
Heap after GC invocations=7 (full 1):
 PSYoungGen      total 143872K, used 0K [0x0000000795580000, 0x000000079ee80000, 0x00000007c0000000)
  eden space 132608K, 0% used [0x0000000795580000,0x0000000795580000,0x000000079d700000)
  from space 11264K, 0% used [0x000000079e280000,0x000000079e280000,0x000000079ed80000)
  to   space 11776K, 0% used [0x000000079d700000,0x000000079d700000,0x000000079e280000)
 ParOldGen       total 60416K, used 9740K [0x0000000740000000, 0x0000000743b00000, 0x0000000795580000)
  object space 60416K, 16% used [0x0000000740000000,0x0000000740983320,0x0000000743b00000)
 Metaspace       used 20942K, capacity 21092K, committed 21296K, reserved 1069056K
  class space    used 2572K, capacity 2617K, committed 2688K, reserved 1048576K
}
Event: 6.030 GC heap before
{Heap before GC invocations=8 (full 1):
 PSYoungGen      total 143872K, used 132608K [0x0000000795580000, 0x000000079ee80000, 0x00000007c0000000)
  eden space 132608K, 100% used [0x0000000795580000,0x000000079d700000,0x000000079d700000)
  from space 11264K, 0% used [0x000000079e280000,0x000000079e280000,0x000000079ed80000)
  to   space 11776K, 0% used [0x000000079d700000,0x000000079d700000,0x000000079e280000)
 ParOldGen       total 60416K, used 9740K [0x0000000740000000, 0x0000000743b00000, 0x0000000795580000)
  object space 60416K, 16% used [0x0000000740000000,0x0000000740983320,0x0000000743b00000)
 Metaspace       used 29394K, capacity 29646K, committed 30080K, reserved 1075200K
  class space    used 3623K, capacity 3689K, committed 3712K, reserved 1048576K
Event: 6.045 GC heap after
Heap after GC invocations=8 (full 1):
 PSYoungGen      total 144384K, used 11668K [0x0000000795580000, 0x00000007a4380000, 0x00000007c0000000)
  eden space 132608K, 0% used [0x0000000795580000,0x0000000795580000,0x000000079d700000)
  from space 11776K, 99% used [0x000000079d700000,0x000000079e265318,0x000000079e280000)
  to   space 12800K, 0% used [0x00000007a3700000,0x00000007a3700000,0x00000007a4380000)
 ParOldGen       total 60416K, used 9748K [0x0000000740000000, 0x0000000743b00000, 0x0000000795580000)
  object space 60416K, 16% used [0x0000000740000000,0x0000000740985320,0x0000000743b00000)
 Metaspace       used 29394K, capacity 29646K, committed 30080K, reserved 1075200K
  class space    used 3623K, capacity 3689K, committed 3712K, reserved 1048576K
}
Event: 7.260 GC heap before
{Heap before GC invocations=9 (full 1):
 PSYoungGen      total 144384K, used 75180K [0x0000000795580000, 0x00000007a4380000, 0x00000007c0000000)
  eden space 132608K, 47% used [0x0000000795580000,0x0000000799385fb0,0x000000079d700000)
  from space 11776K, 99% used [0x000000079d700000,0x000000079e265318,0x000000079e280000)
  to   space 12800K, 0% used [0x00000007a3700000,0x00000007a3700000,0x00000007a4380000)
 ParOldGen       total 60416K, used 9748K [0x0000000740000000, 0x0000000743b00000, 0x0000000795580000)
  object space 60416K, 16% used [0x0000000740000000,0x0000000740985320,0x0000000743b00000)
 Metaspace       used 34959K, capacity 35224K, committed 35496K, reserved 1081344K
  class space    used 4448K, capacity 4496K, committed 4520K, reserved 1048576K
Event: 7.280 GC heap after
Heap after GC invocations=9 (full 1):
 PSYoungGen      total 227840K, used 12034K [0x0000000795580000, 0x00000007a4380000, 0x00000007c0000000)
  eden space 215040K, 0% used [0x0000000795580000,0x0000000795580000,0x00000007a2780000)
  from space 12800K, 94% used [0x00000007a3700000,0x00000007a42c0a38,0x00000007a4380000)
  to   space 14336K, 0% used [0x00000007a2780000,0x00000007a2780000,0x00000007a3580000)
 ParOldGen       total 60416K, used 9756K [0x0000000740000000, 0x0000000743b00000, 0x0000000795580000)
  object space 60416K, 16% used [0x0000000740000000,0x0000000740987320,0x0000000743b00000)
 Metaspace       used 34959K, capacity 35224K, committed 35496K, reserved 1081344K
  class space    used 4448K, capacity 4496K, committed 4520K, reserved 1048576K
}
Event: 7.280 GC heap before
{Heap before GC invocations=10 (full 2):
 PSYoungGen      total 227840K, used 12034K [0x0000000795580000, 0x00000007a4380000, 0x00000007c0000000)
  eden space 215040K, 0% used [0x0000000795580000,0x0000000795580000,0x00000007a2780000)
  from space 12800K, 94% used [0x00000007a3700000,0x00000007a42c0a38,0x00000007a4380000)
  to   space 14336K, 0% used [0x00000007a2780000,0x00000007a2780000,0x00000007a3580000)
 ParOldGen       total 60416K, used 9756K [0x0000000740000000, 0x0000000743b00000, 0x0000000795580000)
  object space 60416K, 16% used [0x0000000740000000,0x0000000740987320,0x0000000743b00000)
 Metaspace       used 34959K, capacity 35224K, committed 35496K, reserved 1081344K
  class space    used 4448K, capacity 4496K, committed 4520K, reserved 1048576K
Event: 7.412 GC heap after
Heap after GC invocations=10 (full 2):
 PSYoungGen      total 227840K, used 0K [0x0000000795580000, 0x00000007a4380000, 0x00000007c0000000)
  eden space 215040K, 0% used [0x0000000795580000,0x0000000795580000,0x00000007a2780000)
  from space 12800K, 0% used [0x00000007a3700000,0x00000007a3700000,0x00000007a4380000)
  to   space 14336K, 0% used [0x00000007a2780000,0x00000007a2780000,0x00000007a3580000)
 ParOldGen       total 94720K, used 20538K [0x0000000740000000, 0x0000000745c80000, 0x0000000795580000)
  object space 94720K, 21% used [0x0000000740000000,0x000000074140e9a0,0x0000000745c80000)
 Metaspace       used 34959K, capacity 35224K, committed 35496K, reserved 1081344K
  class space    used 4448K, capacity 4496K, committed 4520K, reserved 1048576K
}

Deoptimization events (10 events):
Event: 13.177 Thread 0x00007febae1f5000 Uncommon trap: reason=unhandled action=none pc=0x000000010846845c method=java.net.URLClassLoader$1.run()Ljava/lang/Class; @ 72
Event: 13.178 Thread 0x00007febae1f5000 Uncommon trap: reason=unhandled action=none pc=0x000000010846845c method=java.net.URLClassLoader$1.run()Ljava/lang/Class; @ 72
Event: 13.179 Thread 0x00007febae1f5000 Uncommon trap: reason=unhandled action=none pc=0x000000010846845c method=java.net.URLClassLoader$1.run()Ljava/lang/Class; @ 72
Event: 13.180 Thread 0x00007febae1f5000 Uncommon trap: reason=unhandled action=none pc=0x000000010846845c method=java.net.URLClassLoader$1.run()Ljava/lang/Class; @ 72
Event: 13.182 Thread 0x00007febae1f5000 Uncommon trap: reason=unhandled action=none pc=0x000000010846845c method=java.net.URLClassLoader$1.run()Ljava/lang/Class; @ 72
Event: 13.187 Thread 0x00007febae1f5000 Uncommon trap: reason=unhandled action=none pc=0x000000010846845c method=java.net.URLClassLoader$1.run()Ljava/lang/Class; @ 72
Event: 13.189 Thread 0x00007febae1f5000 Uncommon trap: reason=unhandled action=none pc=0x000000010846845c method=java.net.URLClassLoader$1.run()Ljava/lang/Class; @ 72
Event: 35.674 Thread 0x00007febab723000 Uncommon trap: reason=unhandled action=none pc=0x000000010846845c method=java.net.URLClassLoader$1.run()Ljava/lang/Class; @ 72
Event: 35.674 Thread 0x00007febab723000 Uncommon trap: reason=bimorphic action=maybe_recompile pc=0x0000000108247e98 method=java.util.AbstractCollection.addAll(Ljava/util/Collection;)Z @ 29
Event: 35.675 Thread 0x00007febab723000 Uncommon trap: reason=unhandled action=none pc=0x000000010846845c method=java.net.URLClassLoader$1.run()Ljava/lang/Class; @ 72

Internal exceptions (10 events):
Event: 13.176 Thread 0x00007febae1f5000 Exception <a 'java/security/PrivilegedActionException'> (0x00000007a1014f78) thrown at [/HUDSON3/workspace/8-2-build-macosx-x86_64/jdk8u20/1074/hotspot/src/share/vm/prims/jvm.cpp, line 1275]
Event: 13.177 Thread 0x00007febae1f5000 Exception <a 'java/security/PrivilegedActionException'> (0x00000007a101e6f0) thrown at [/HUDSON3/workspace/8-2-build-macosx-x86_64/jdk8u20/1074/hotspot/src/share/vm/prims/jvm.cpp, line 1275]
Event: 13.178 Thread 0x00007febae1f5000 Exception <a 'java/security/PrivilegedActionException'> (0x00000007a1025938) thrown at [/HUDSON3/workspace/8-2-build-macosx-x86_64/jdk8u20/1074/hotspot/src/share/vm/prims/jvm.cpp, line 1275]
Event: 13.179 Thread 0x00007febae1f5000 Exception <a 'java/security/PrivilegedActionException'> (0x00000007a10300f8) thrown at [/HUDSON3/workspace/8-2-build-macosx-x86_64/jdk8u20/1074/hotspot/src/share/vm/prims/jvm.cpp, line 1275]
Event: 13.180 Thread 0x00007febae1f5000 Exception <a 'java/security/PrivilegedActionException'> (0x00000007a103a308) thrown at [/HUDSON3/workspace/8-2-build-macosx-x86_64/jdk8u20/1074/hotspot/src/share/vm/prims/jvm.cpp, line 1275]
Event: 13.182 Thread 0x00007febae1f5000 Exception <a 'java/security/PrivilegedActionException'> (0x00000007a1047658) thrown at [/HUDSON3/workspace/8-2-build-macosx-x86_64/jdk8u20/1074/hotspot/src/share/vm/prims/jvm.cpp, line 1275]
Event: 13.187 Thread 0x00007febae1f5000 Exception <a 'java/security/PrivilegedActionException'> (0x00000007a104fc98) thrown at [/HUDSON3/workspace/8-2-build-macosx-x86_64/jdk8u20/1074/hotspot/src/share/vm/prims/jvm.cpp, line 1275]
Event: 13.189 Thread 0x00007febae1f5000 Exception <a 'java/security/PrivilegedActionException'> (0x00000007a1059e50) thrown at [/HUDSON3/workspace/8-2-build-macosx-x86_64/jdk8u20/1074/hotspot/src/share/vm/prims/jvm.cpp, line 1275]
Event: 35.674 Thread 0x00007febab723000 Exception <a 'java/security/PrivilegedActionException'> (0x00000007a110f2d8) thrown at [/HUDSON3/workspace/8-2-build-macosx-x86_64/jdk8u20/1074/hotspot/src/share/vm/prims/jvm.cpp, line 1275]
Event: 35.675 Thread 0x00007febab723000 Exception <a 'java/security/PrivilegedActionException'> (0x00000007a1118d28) thrown at [/HUDSON3/workspace/8-2-build-macosx-x86_64/jdk8u20/1074/hotspot/src/share/vm/prims/jvm.cpp, line 1275]

Events (10 events):
Event: 459.172 Thread 0x00007febab04c800 flushing nmethod 0x00000001081410d0
Event: 469.173 Thread 0x00007febab04c800 flushing nmethod 0x000000010818a690
Event: 469.174 Thread 0x00007febab04c800 flushing nmethod 0x0000000108242d90
Event: 469.175 Thread 0x00007febab04c800 flushing nmethod 0x00000001082c3a90
Event: 485.721 Thread 0x00007febab04c800 flushing nmethod 0x00000001083e8e50
Event: 485.721 Thread 0x00007febab04c800 flushing nmethod 0x000000010840ce50
Event: 485.723 Thread 0x00007febab04c800 flushing nmethod 0x0000000108504d90
Event: 485.724 Thread 0x00007febab04c800 flushing nmethod 0x0000000108560150
Event: 710.764 Executing VM operation: RedefineClasses
Event: 710.812 Executing VM operation: RedefineClasses done


Dynamic libraries:
0x0000000002530000 	/System/Library/Frameworks/Cocoa.framework/Versions/A/Cocoa
0x0000000002530000 	/System/Library/Frameworks/Security.framework/Versions/A/Security
0x0000000002530000 	/System/Library/Frameworks/ApplicationServices.framework/Versions/A/ApplicationServices
0x0000000002530000 	/usr/lib/libz.1.dylib
0x0000000002530000 	/usr/lib/libSystem.B.dylib
0x0000000002530000 	/usr/lib/libobjc.A.dylib
0x0000000002530000 	/System/Library/Frameworks/CoreFoundation.framework/Versions/A/CoreFoundation
0x0000000002530000 	/System/Library/Frameworks/Foundation.framework/Versions/C/Foundation
0x0000000002530000 	/System/Library/Frameworks/AppKit.framework/Versions/C/AppKit
0x0000000002530000 	/System/Library/Frameworks/CoreData.framework/Versions/A/CoreData
0x0000000002530000 	/System/Library/PrivateFrameworks/RemoteViewServices.framework/Versions/A/RemoteViewServices
0x0000000002530000 	/System/Library/PrivateFrameworks/UIFoundation.framework/Versions/A/UIFoundation
0x0000000002530000 	/usr/lib/libScreenReader.dylib
0x0000000002530000 	/System/Library/Frameworks/Accelerate.framework/Versions/A/Accelerate
0x0000000002530000 	/System/Library/Frameworks/IOSurface.framework/Versions/A/IOSurface
0x0000000002530000 	/System/Library/Frameworks/AudioToolbox.framework/Versions/A/AudioToolbox
0x0000000002530000 	/System/Library/Frameworks/AudioUnit.framework/Versions/A/AudioUnit
0x0000000002530000 	/System/Library/PrivateFrameworks/DataDetectorsCore.framework/Versions/A/DataDetectorsCore
0x0000000002530000 	/System/Library/PrivateFrameworks/DesktopServicesPriv.framework/Versions/A/DesktopServicesPriv
0x0000000002530000 	/System/Library/Frameworks/Carbon.framework/Versions/A/Frameworks/HIToolbox.framework/Versions/A/HIToolbox
0x0000000002530000 	/System/Library/Frameworks/QuartzCore.framework/Versions/A/QuartzCore
0x0000000002530000 	/System/Library/Frameworks/Carbon.framework/Versions/A/Frameworks/SpeechRecognition.framework/Versions/A/SpeechRecognition
0x0000000002530000 	/usr/lib/libauto.dylib
0x0000000002530000 	/usr/lib/libicucore.A.dylib
0x0000000002530000 	/usr/lib/libxml2.2.dylib
0x0000000002530000 	/System/Library/PrivateFrameworks/CoreUI.framework/Versions/A/CoreUI
0x0000000002530000 	/System/Library/Frameworks/CoreAudio.framework/Versions/A/CoreAudio
0x0000000002530000 	/System/Library/Frameworks/DiskArbitration.framework/Versions/A/DiskArbitration
0x0000000002530000 	/usr/lib/liblangid.dylib
0x0000000002530000 	/System/Library/PrivateFrameworks/MultitouchSupport.framework/Versions/A/MultitouchSupport
0x0000000002530000 	/System/Library/Frameworks/IOKit.framework/Versions/A/IOKit
0x0000000002530000 	/usr/lib/libDiagnosticMessagesClient.dylib
0x0000000002530000 	/System/Library/Frameworks/CoreServices.framework/Versions/A/CoreServices
0x0000000002530000 	/System/Library/PrivateFrameworks/PerformanceAnalysis.framework/Versions/A/PerformanceAnalysis
0x0000000002530000 	/System/Library/PrivateFrameworks/GenerationalStorage.framework/Versions/A/GenerationalStorage
0x0000000002530000 	/System/Library/Frameworks/OpenGL.framework/Versions/A/OpenGL
0x0000000002530000 	/System/Library/PrivateFrameworks/Sharing.framework/Versions/A/Sharing
0x0000000002530000 	/System/Library/Frameworks/CoreGraphics.framework/Versions/A/CoreGraphics
0x0000000002530000 	/System/Library/Frameworks/CoreImage.framework/Versions/A/CoreImage
0x0000000002530000 	/System/Library/Frameworks/CoreText.framework/Versions/A/CoreText
0x0000000002530000 	/System/Library/Frameworks/ImageIO.framework/Versions/A/ImageIO
0x0000000002530000 	/System/Library/PrivateFrameworks/Backup.framework/Versions/A/Backup
0x0000000002530000 	/usr/lib/libextension.dylib
0x0000000002530000 	/usr/lib/libarchive.2.dylib
0x0000000002530000 	/System/Library/Frameworks/CFNetwork.framework/Versions/A/CFNetwork
0x0000000002530000 	/System/Library/Frameworks/SystemConfiguration.framework/Versions/A/SystemConfiguration
0x0000000002530000 	/usr/lib/libCRFSuite.dylib
0x0000000002530000 	/usr/lib/libc++.1.dylib
0x0000000002530000 	/usr/lib/libc++abi.dylib
0x0000000002530000 	/usr/lib/system/libcache.dylib
0x0000000002530000 	/usr/lib/system/libcommonCrypto.dylib
0x0000000002530000 	/usr/lib/system/libcompiler_rt.dylib
0x0000000002530000 	/usr/lib/system/libcopyfile.dylib
0x0000000002530000 	/usr/lib/system/libcorecrypto.dylib
0x0000000002530000 	/usr/lib/system/libdispatch.dylib
0x0000000002530000 	/usr/lib/system/libdyld.dylib
0x0000000002530000 	/usr/lib/system/libkeymgr.dylib
0x0000000002530000 	/usr/lib/system/liblaunch.dylib
0x0000000002530000 	/usr/lib/system/libmacho.dylib
0x0000000002530000 	/usr/lib/system/libquarantine.dylib
0x0000000002530000 	/usr/lib/system/libremovefile.dylib
0x0000000002530000 	/usr/lib/system/libsystem_asl.dylib
0x0000000002530000 	/usr/lib/system/libsystem_blocks.dylib
0x0000000002530000 	/usr/lib/system/libsystem_c.dylib
0x0000000002530000 	/usr/lib/system/libsystem_configuration.dylib
0x0000000002530000 	/usr/lib/system/libsystem_coreservices.dylib
0x0000000002530000 	/usr/lib/system/libsystem_coretls.dylib
0x0000000002530000 	/usr/lib/system/libsystem_dnssd.dylib
0x0000000002530000 	/usr/lib/system/libsystem_info.dylib
0x0000000002530000 	/usr/lib/system/libsystem_kernel.dylib
0x0000000002530000 	/usr/lib/system/libsystem_m.dylib
0x0000000002530000 	/usr/lib/system/libsystem_malloc.dylib
0x0000000002530000 	/usr/lib/system/libsystem_network.dylib
0x0000000002530000 	/usr/lib/system/libsystem_networkextension.dylib
0x0000000002530000 	/usr/lib/system/libsystem_notify.dylib
0x0000000002530000 	/usr/lib/system/libsystem_platform.dylib
0x0000000002530000 	/usr/lib/system/libsystem_pthread.dylib
0x0000000002530000 	/usr/lib/system/libsystem_sandbox.dylib
0x0000000002530000 	/usr/lib/system/libsystem_secinit.dylib
0x0000000002530000 	/usr/lib/system/libsystem_trace.dylib
0x0000000002530000 	/usr/lib/system/libunc.dylib
0x0000000002530000 	/usr/lib/system/libunwind.dylib
0x0000000002530000 	/usr/lib/system/libxpc.dylib
0x0000000002530000 	/usr/lib/libenergytrace.dylib
0x0000000002530000 	/usr/lib/libbsm.0.dylib
0x0000000002530000 	/usr/lib/system/libkxld.dylib
0x0000000002530000 	/usr/lib/libxar.1.dylib
0x0000000002530000 	/usr/lib/libsqlite3.dylib
0x0000000002530000 	/usr/lib/libpam.2.dylib
0x0000000002530000 	/usr/lib/libOpenScriptingUtil.dylib
0x0000000002530000 	/usr/lib/libbz2.1.0.dylib
0x0000000002530000 	/usr/lib/liblzma.5.dylib
0x0000000002530000 	/System/Library/Frameworks/CoreServices.framework/Versions/A/Frameworks/FSEvents.framework/Versions/A/FSEvents
0x0000000002530000 	/System/Library/Frameworks/CoreServices.framework/Versions/A/Frameworks/CarbonCore.framework/Versions/A/CarbonCore
0x0000000002530000 	/System/Library/Frameworks/CoreServices.framework/Versions/A/Frameworks/Metadata.framework/Versions/A/Metadata
0x0000000002530000 	/System/Library/Frameworks/CoreServices.framework/Versions/A/Frameworks/OSServices.framework/Versions/A/OSServices
0x0000000002530000 	/System/Library/Frameworks/CoreServices.framework/Versions/A/Frameworks/SearchKit.framework/Versions/A/SearchKit
0x0000000002530000 	/System/Library/Frameworks/CoreServices.framework/Versions/A/Frameworks/AE.framework/Versions/A/AE
0x0000000002530000 	/System/Library/Frameworks/CoreServices.framework/Versions/A/Frameworks/LaunchServices.framework/Versions/A/LaunchServices
0x0000000002530000 	/System/Library/Frameworks/CoreServices.framework/Versions/A/Frameworks/DictionaryServices.framework/Versions/A/DictionaryServices
0x0000000002530000 	/System/Library/Frameworks/CoreServices.framework/Versions/A/Frameworks/SharedFileList.framework/Versions/A/SharedFileList
0x0000000002530000 	/System/Library/Frameworks/NetFS.framework/Versions/A/NetFS
0x0000000002530000 	/System/Library/PrivateFrameworks/NetAuth.framework/Versions/A/NetAuth
0x0000000002530000 	/System/Library/PrivateFrameworks/login.framework/Versions/A/Frameworks/loginsupport.framework/Versions/A/loginsupport
0x0000000002530000 	/System/Library/PrivateFrameworks/TCC.framework/Versions/A/TCC
0x0000000002530000 	/usr/lib/libmecabra.dylib
0x0000000002530000 	/System/Library/Frameworks/ApplicationServices.framework/Versions/A/Frameworks/ATS.framework/Versions/A/ATS
0x0000000002530000 	/System/Library/Frameworks/ApplicationServices.framework/Versions/A/Frameworks/ColorSync.framework/Versions/A/ColorSync
0x0000000002530000 	/System/Library/Frameworks/ApplicationServices.framework/Versions/A/Frameworks/HIServices.framework/Versions/A/HIServices
0x0000000002530000 	/System/Library/Frameworks/ApplicationServices.framework/Versions/A/Frameworks/LangAnalysis.framework/Versions/A/LangAnalysis
0x0000000002530000 	/System/Library/Frameworks/ApplicationServices.framework/Versions/A/Frameworks/PrintCore.framework/Versions/A/PrintCore
0x0000000002530000 	/System/Library/Frameworks/ApplicationServices.framework/Versions/A/Frameworks/QD.framework/Versions/A/QD
0x0000000002530000 	/System/Library/Frameworks/ApplicationServices.framework/Versions/A/Frameworks/SpeechSynthesis.framework/Versions/A/SpeechSynthesis
0x0000000002530000 	/System/Library/Frameworks/Metal.framework/Versions/A/Metal
0x0000000002530000 	/System/Library/Frameworks/Accelerate.framework/Versions/A/Frameworks/vImage.framework/Versions/A/vImage
0x0000000002530000 	/System/Library/Frameworks/Accelerate.framework/Versions/A/Frameworks/vecLib.framework/Versions/A/vecLib
0x0000000002530000 	/System/Library/Frameworks/Accelerate.framework/Versions/A/Frameworks/vecLib.framework/Versions/A/libvDSP.dylib
0x0000000002530000 	/System/Library/Frameworks/Accelerate.framework/Versions/A/Frameworks/vecLib.framework/Versions/A/libvMisc.dylib
0x0000000002530000 	/System/Library/Frameworks/Accelerate.framework/Versions/A/Frameworks/vecLib.framework/Versions/A/libLAPACK.dylib
0x0000000002530000 	/System/Library/Frameworks/Accelerate.framework/Versions/A/Frameworks/vecLib.framework/Versions/A/libBLAS.dylib
0x0000000002530000 	/System/Library/Frameworks/Accelerate.framework/Versions/A/Frameworks/vecLib.framework/Versions/A/libLinearAlgebra.dylib
0x0000000002530000 	/System/Library/Frameworks/Accelerate.framework/Versions/A/Frameworks/vecLib.framework/Versions/A/libSparseBLAS.dylib
0x0000000002530000 	/System/Library/PrivateFrameworks/GPUCompiler.framework/libmetal_timestamp.dylib
0x0000000002530000 	/System/Library/Frameworks/OpenGL.framework/Versions/A/Libraries/libCoreFSCache.dylib
0x0000000002530000 	/System/Library/PrivateFrameworks/IOAccelerator.framework/Versions/A/IOAccelerator
0x0000000002530000 	/System/Library/Frameworks/ApplicationServices.framework/Versions/A/Frameworks/ATS.framework/Versions/A/Resources/libFontParser.dylib
0x0000000002530000 	/System/Library/Frameworks/ApplicationServices.framework/Versions/A/Frameworks/ATS.framework/Versions/A/Resources/libFontRegistry.dylib
0x0000000002530000 	/System/Library/PrivateFrameworks/AppleVPA.framework/Versions/A/AppleVPA
0x0000000002530000 	/System/Library/PrivateFrameworks/AppleJPEG.framework/Versions/A/AppleJPEG
0x0000000002530000 	/System/Library/Frameworks/ImageIO.framework/Versions/A/Resources/libJPEG.dylib
0x0000000002530000 	/System/Library/Frameworks/ImageIO.framework/Versions/A/Resources/libTIFF.dylib
0x0000000002530000 	/System/Library/Frameworks/ImageIO.framework/Versions/A/Resources/libPng.dylib
0x0000000002530000 	/System/Library/Frameworks/ImageIO.framework/Versions/A/Resources/libGIF.dylib
0x0000000002530000 	/System/Library/Frameworks/ImageIO.framework/Versions/A/Resources/libJP2.dylib
0x0000000002530000 	/System/Library/Frameworks/ImageIO.framework/Versions/A/Resources/libRadiance.dylib
0x0000000002530000 	/System/Library/Frameworks/CoreVideo.framework/Versions/A/CoreVideo
0x0000000002530000 	/System/Library/Frameworks/OpenGL.framework/Versions/A/Libraries/libGLU.dylib
0x0000000002530000 	/System/Library/Frameworks/OpenGL.framework/Versions/A/Libraries/libGFXShared.dylib
0x0000000002530000 	/System/Library/Frameworks/OpenGL.framework/Versions/A/Libraries/libGL.dylib
0x0000000002530000 	/System/Library/Frameworks/OpenGL.framework/Versions/A/Libraries/libGLImage.dylib
0x0000000002530000 	/System/Library/Frameworks/OpenGL.framework/Versions/A/Libraries/libCVMSPluginSupport.dylib
0x0000000002530000 	/System/Library/Frameworks/OpenGL.framework/Versions/A/Libraries/libCoreVMClient.dylib
0x0000000002530000 	/usr/lib/libcompression.dylib
0x0000000002530000 	/usr/lib/libcups.2.dylib
0x0000000002530000 	/System/Library/Frameworks/Kerberos.framework/Versions/A/Kerberos
0x0000000002530000 	/System/Library/Frameworks/GSS.framework/Versions/A/GSS
0x0000000002530000 	/usr/lib/libresolv.9.dylib
0x0000000002530000 	/usr/lib/libiconv.2.dylib
0x0000000002530000 	/System/Library/PrivateFrameworks/Heimdal.framework/Versions/A/Heimdal
0x0000000002530000 	/usr/lib/libheimdal-asn1.dylib
0x0000000002530000 	/System/Library/Frameworks/OpenDirectory.framework/Versions/A/OpenDirectory
0x0000000002530000 	/System/Library/PrivateFrameworks/CommonAuth.framework/Versions/A/CommonAuth
0x0000000002530000 	/System/Library/Frameworks/OpenDirectory.framework/Versions/A/Frameworks/CFOpenDirectory.framework/Versions/A/CFOpenDirectory
0x0000000002530000 	/System/Library/Frameworks/SecurityFoundation.framework/Versions/A/SecurityFoundation
0x0000000002530000 	/System/Library/PrivateFrameworks/LanguageModeling.framework/Versions/A/LanguageModeling
0x0000000002530000 	/usr/lib/libmarisa.dylib
0x0000000002530000 	/usr/lib/libChineseTokenizer.dylib
0x0000000002530000 	/usr/lib/libcmph.dylib
0x0000000002530000 	/System/Library/Frameworks/ServiceManagement.framework/Versions/A/ServiceManagement
0x0000000002530000 	/usr/lib/libxslt.1.dylib
0x0000000002530000 	/System/Library/Frameworks/Carbon.framework/Versions/A/Frameworks/Ink.framework/Versions/A/Ink
0x0000000002530000 	/usr/lib/libFosl_dynamic.dylib
0x0000000002530000 	/System/Library/PrivateFrameworks/FaceCore.framework/Versions/A/FaceCore
0x0000000002530000 	/System/Library/Frameworks/OpenCL.framework/Versions/A/OpenCL
0x0000000002530000 	/System/Library/PrivateFrameworks/CrashReporterSupport.framework/Versions/A/CrashReporterSupport
0x0000000002530000 	/System/Library/PrivateFrameworks/IconServices.framework/Versions/A/IconServices
0x0000000002530000 	/System/Library/PrivateFrameworks/Apple80211.framework/Versions/A/Apple80211
0x0000000002530000 	/System/Library/Frameworks/CoreWLAN.framework/Versions/A/CoreWLAN
0x0000000002530000 	/System/Library/Frameworks/IOBluetooth.framework/Versions/A/IOBluetooth
0x0000000002530000 	/System/Library/PrivateFrameworks/CoreWiFi.framework/Versions/A/CoreWiFi
0x0000000002530000 	/System/Library/Frameworks/CoreBluetooth.framework/Versions/A/CoreBluetooth
0x0000000002530000 	/System/Library/PrivateFrameworks/ChunkingLibrary.framework/Versions/A/ChunkingLibrary
0x0000000002530000 	/System/Library/PrivateFrameworks/DebugSymbols.framework/Versions/A/DebugSymbols
0x0000000002530000 	/System/Library/PrivateFrameworks/CoreSymbolication.framework/Versions/A/CoreSymbolication
0x0000000002530000 	/System/Library/PrivateFrameworks/Symbolication.framework/Versions/A/Symbolication
0x0000000002530000 	/System/Library/PrivateFrameworks/SpeechRecognitionCore.framework/Versions/A/SpeechRecognitionCore
0x0000000106a00000 	/Library/Java/JavaVirtualMachines/jdk1.8.0_20.jdk/Contents/Home/jre/lib/server/libjvm.dylib
0x0000000002530000 	/usr/lib/libstdc++.6.dylib
0x0000000106009000 	/Library/Java/JavaVirtualMachines/jdk1.8.0_20.jdk/Contents/Home/jre/lib/libverify.dylib
0x0000000106017000 	/Library/Java/JavaVirtualMachines/jdk1.8.0_20.jdk/Contents/Home/jre/lib/libjava.dylib
0x000000010604c000 	/Library/Java/JavaVirtualMachines/jdk1.8.0_20.jdk/Contents/Home/jre/lib/libjdwp.dylib
0x0000000106097000 	/Library/Java/JavaVirtualMachines/jdk1.8.0_20.jdk/Contents/Home/jre/lib/libnpt.dylib
0x00000001060a4000 	/Library/Java/JavaVirtualMachines/jdk1.8.0_20.jdk/Contents/Home/jre/lib/libzip.dylib
0x000000011d139000 	/System/Library/Frameworks/JavaVM.framework/Frameworks/JavaRuntimeSupport.framework/JavaRuntimeSupport
0x000000011d154000 	/System/Library/Frameworks/JavaVM.framework/Versions/A/Frameworks/JavaNativeFoundation.framework/Versions/A/JavaNativeFoundation
0x00000001061ef000 	/System/Library/Frameworks/JavaVM.framework/Versions/A/JavaVM
0x0000000002530000 	/System/Library/Frameworks/Carbon.framework/Versions/A/Carbon
0x000000011d169000 	/System/Library/PrivateFrameworks/JavaLaunching.framework/Versions/A/JavaLaunching
0x0000000002530000 	/System/Library/Frameworks/Carbon.framework/Versions/A/Frameworks/CommonPanels.framework/Versions/A/CommonPanels
0x0000000002530000 	/System/Library/Frameworks/Carbon.framework/Versions/A/Frameworks/Help.framework/Versions/A/Help
0x0000000002530000 	/System/Library/Frameworks/Carbon.framework/Versions/A/Frameworks/ImageCapture.framework/Versions/A/ImageCapture
0x0000000002530000 	/System/Library/Frameworks/Carbon.framework/Versions/A/Frameworks/OpenScripting.framework/Versions/A/OpenScripting
0x0000000002530000 	/System/Library/Frameworks/Carbon.framework/Versions/A/Frameworks/Print.framework/Versions/A/Print
0x0000000002530000 	/System/Library/Frameworks/Carbon.framework/Versions/A/Frameworks/SecurityHI.framework/Versions/A/SecurityHI
0x000000011ea87000 	/Library/Java/JavaVirtualMachines/jdk1.8.0_20.jdk/Contents/Home/jre/lib/libdt_socket.dylib
0x000000011eeed000 	/Library/Java/JavaVirtualMachines/jdk1.8.0_20.jdk/Contents/Home/jre/lib/libnet.dylib
0x000000011f1d1000 	/Library/Java/JavaVirtualMachines/jdk1.8.0_20.jdk/Contents/Home/jre/lib/libmanagement.dylib
0x000000011ee8c000 	/Library/Java/JavaVirtualMachines/jdk1.8.0_20.jdk/Contents/Home/jre/lib/libnio.dylib
0x000000011ecf0000 	/Library/Java/JavaVirtualMachines/jdk1.8.0_20.jdk/Contents/Home/jre/lib/libsunec.dylib

VM Arguments:
jvm_args: -agentlib:jdwp=transport=dt_socket,suspend=y,address=localhost:52501 -Dfile.encoding=UTF-8 
java_command: com.smg.octopus.soap.demo.Application
java_class_path (initial): /Users/kasimsert/Documents/Works/workspaces/concurrency/camel-springboot-servlet/target/classes:/Users/kasimsert/.m2/repository/org/apache/camel/camel-spring-boot-starter/2.17.1/camel-spring-boot-starter-2.17.1.jar:/Users/kasimsert/.m2/repository/org/springframework/boot/spring-boot-starter/1.3.5.RELEASE/spring-boot-starter-1.3.5.RELEASE.jar:/Users/kasimsert/.m2/repository/org/springframework/boot/spring-boot/1.3.5.RELEASE/spring-boot-1.3.5.RELEASE.jar:/Users/kasimsert/.m2/repository/org/springframework/boot/spring-boot-autoconfigure/1.3.5.RELEASE/spring-boot-autoconfigure-1.3.5.RELEASE.jar:/Users/kasimsert/.m2/repository/org/springframework/boot/spring-boot-starter-logging/1.3.5.RELEASE/spring-boot-starter-logging-1.3.5.RELEASE.jar:/Users/kasimsert/.m2/repository/ch/qos/logback/logback-classic/1.1.7/logback-classic-1.1.7.jar:/Users/kasimsert/.m2/repository/ch/qos/logback/logback-core/1.1.7/logback-core-1.1.7.jar:/Users/kasimsert/.m2/repository/org/slf4j/jcl-over-slf4j/1.7.21/jcl-over-slf4j-1.7.21.jar:/Users/kasimsert/.m2/repository/org/slf4j/jul-to-slf4j/1.7.21/jul-to-slf4j-1.7.21.jar:/Users/kasimsert/.m2/repository/org/slf4j/log4j-over-slf4j/1.7.21/log4j-over-slf4j-1.7.21.jar:/Users/kasimsert/.m2/repository/org/yaml/snakeyaml/1.16/snakeyaml-1.16.jar:/Users/kasimsert/.m2/repository/org/apache/camel/camel-spring-boot/2.17.1/camel-spring-boot-2.17.1.jar:/Users/kasimsert/.m2/repository/com/sun/xml/bind/jaxb-core/2.2.11/jaxb-core-2.2.11.jar:/Users/kasimsert/.m2/repository/com/sun/xml/bind/jaxb-impl/2.2.11/jaxb-impl-2.2.11.jar:/Users/kasimsert/.m2/repository/org/apache/camel/camel-servlet/2.17.1/camel-servlet-2.17.1.jar:/Users/kasimsert/.m2/repository/org/apache/camel/camel-core/2.17.1/camel-core-2.17.1.jar:/Users/kasimsert/.m2/repository/org/slf4j/slf4j-api/1.7.21/slf4j-api-1.7.21.jar:/Users/kasimsert/.m2/repository/org/apache/camel/camel-http-common/2.17.1/camel-http-common-2.17.1.jar:/Users/kasimsert/.m2/repository/javax/servlet/javax.ser
Launcher Type: SUN_STANDARD

Environment Variables:
PATH=/usr/bin:/bin:/usr/sbin:/sbin
SHELL=/bin/zsh
DISPLAY=/private/tmp/com.apple.launchd.lpewqE2F8O/org.macosforge.xquartz:0

Signal Handlers:
SIGSEGV: [libjvm.dylib+0x578fd7], sa_mask[0]=11111111011111110111111111111111, sa_flags=SA_ONSTACK|SA_RESTART|SA_SIGINFO
SIGBUS: [libjvm.dylib+0x578fd7], sa_mask[0]=11111111011111110111111111111111, sa_flags=SA_RESTART|SA_SIGINFO
SIGFPE: [libjvm.dylib+0x45ab0c], sa_mask[0]=11111111011111110111111111111111, sa_flags=SA_RESTART|SA_SIGINFO
SIGPIPE: [libjvm.dylib+0x45ab0c], sa_mask[0]=11111111011111110111111111111111, sa_flags=SA_RESTART|SA_SIGINFO
SIGXFSZ: [libjvm.dylib+0x45ab0c], sa_mask[0]=11111111011111110111111111111111, sa_flags=SA_RESTART|SA_SIGINFO
SIGILL: [libjvm.dylib+0x45ab0c], sa_mask[0]=11111111011111110111111111111111, sa_flags=SA_RESTART|SA_SIGINFO
SIGUSR1: SIG_DFL, sa_mask[0]=00000000000000000000000000000000, sa_flags=none
SIGUSR2: [libjvm.dylib+0x45a62a], sa_mask[0]=00100000000000000000000000000000, sa_flags=SA_RESTART|SA_SIGINFO
SIGHUP: [libjvm.dylib+0x458bfd], sa_mask[0]=11111111011111110111111111111111, sa_flags=SA_RESTART|SA_SIGINFO
SIGINT: [libjvm.dylib+0x458bfd], sa_mask[0]=11111111011111110111111111111111, sa_flags=SA_RESTART|SA_SIGINFO
SIGTERM: [libjvm.dylib+0x458bfd], sa_mask[0]=11111111011111110111111111111111, sa_flags=SA_RESTART|SA_SIGINFO
SIGQUIT: [libjvm.dylib+0x458bfd], sa_mask[0]=11111111011111110111111111111111, sa_flags=SA_RESTART|SA_SIGINFO


---------------  S Y S T E M  ---------------

OS:Bsduname:Darwin 15.5.0 Darwin Kernel Version 15.5.0: Tue Apr 19 18:36:36 PDT 2016; root:xnu-3248.50.21~8/RELEASE_X86_64 x86_64
rlimit: STACK 8192k, CORE 0k, NPROC 709, NOFILE 10240, AS infinity
load average:2.71 2.19 2.02

CPU:total 4 (2 cores per cpu, 2 threads per core) family 6 model 58 stepping 9, cmov, cx8, fxsr, mmx, sse, sse2, sse3, ssse3, sse4.1, sse4.2, popcnt, avx, aes, clmul, erms, ht, tsc, tscinvbit, tscinv

Memory: 4k page, physical 8388608k(284644k free)

/proc/meminfo:


vm_info: Java HotSpot(TM) 64-Bit Server VM (25.20-b23) for bsd-amd64 JRE (1.8.0_20-b26), built on Jul 30 2014 13:37:47 by "java_re" with gcc 4.2.1 (Based on Apple Inc. build 5658) (LLVM build 2336.9.00)

time: Wed Jun 22 23:14:20 2016
elapsed time: 710 seconds (0d 0h 11m 50s)

